\BOOKMARK [-1][]{ctitle.-1}{}{}% 1
\BOOKMARK [0][]{thuchapter.1.0}{\376\377\144\130\211\201}{ctitle.-1}% 2
\BOOKMARK [0][]{thuchapter.2.0}{\376\377\000A\000b\000s\000t\000r\000a\000c\000t}{ctitle.-1}% 3
\BOOKMARK [0][]{thuchapter.3.0}{\376\377\166\356\137\125}{ctitle.-1}% 4
\BOOKMARK [0][]{thuchapter.4.0}{\376\377\116\073\211\201\173\046\123\367\133\371\161\147\210\150}{ctitle.-1}% 5
\BOOKMARK [0][]{chapter.1}{\376\377\173\054\0001\172\340\000\040\000I\000n\000t\000r\000o\000d\000u\000c\000t\000i\000o\000n}{ctitle.-1}% 6
\BOOKMARK [1][-]{section.1.1}{\376\377\0001\000.\0001\000\040\000M\000o\000t\000i\000v\000a\000t\000i\000o\000n}{chapter.1}% 7
\BOOKMARK [1][-]{section.1.2}{\376\377\0001\000.\0002\000\040\000O\000u\000t\000l\000i\000n\000e}{chapter.1}% 8
\BOOKMARK [1][-]{section.1.3}{\376\377\0001\000.\0003\000\040\000C\000o\000n\000t\000r\000i\000b\000u\000t\000i\000o\000n\000s}{chapter.1}% 9
\BOOKMARK [2][-]{subsection.1.3.1}{\376\377\0001\000.\0003\000.\0001\000\040\127\372\147\054\210\150\150\074}{section.1.3}% 10
\BOOKMARK [2][-]{subsection.1.3.2}{\376\377\0001\000.\0003\000.\0002\000\040\131\015\147\102\210\150\150\074}{section.1.3}% 11
\BOOKMARK [2][-]{subsection.1.3.3}{\376\377\0001\000.\0003\000.\0003\000\040\121\166\133\203}{section.1.3}% 12
\BOOKMARK [1][-]{section.1.4}{\376\377\0001\000.\0004\000\040\133\232\164\006\163\257\130\203}{chapter.1}% 13
\BOOKMARK [1][-]{section.1.5}{\376\377\0001\000.\0005\000\040\123\302\200\003\145\207\163\056}{chapter.1}% 14
\BOOKMARK [1][-]{section.1.6}{\376\377\0001\000.\0006\000\040\121\154\137\017}{chapter.1}% 15
\BOOKMARK [0][]{chapter.2}{\376\377\173\054\0002\172\340\000\040\000B\000a\000c\000k\000g\000r\000o\000u\000n\000d}{ctitle.-1}% 16
\BOOKMARK [1][-]{section.2.1}{\376\377\0002\000.\0001\000\040\000R\000e\000a\000d\000i\000n\000g\000\040\000c\000o\000m\000p\000r\000e\000h\000e\000n\000s\000i\000o\000n}{chapter.2}% 17
\BOOKMARK [1][-]{section.2.2}{\376\377\0002\000.\0002\000\040\000C\000o\000r\000e\000f\000e\000r\000e\000n\000c\000e\000\040\000r\000e\000s\000o\000l\000u\000t\000i\000o\000n}{chapter.2}% 18
\BOOKMARK [0][]{chapter.3}{\376\377\173\054\0003\172\340\000\040\000M\000e\000t\000h\000o\000d}{ctitle.-1}% 19
\BOOKMARK [1][-]{section.3.1}{\376\377\0003\000.\0001\000\040\000R\000e\000a\000d\000i\000n\000g\000\040\000c\000o\000m\000p\000r\000e\000h\000e\000n\000s\000i\000o\000n}{chapter.3}% 20
\BOOKMARK [2][-]{subsection.3.1.1}{\376\377\0003\000.\0001\000.\0001\000\040\176\330\126\376}{section.3.1}% 21
\BOOKMARK [2][-]{subsection.3.1.2}{\376\377\0003\000.\0001\000.\0002\000\040\143\322\126\376}{section.3.1}% 22
\BOOKMARK [0][]{chapter.4}{\376\377\173\054\0004\172\340\000\040\000E\000x\000p\000e\000r\000i\000m\000e\000n\000t\000s\000\040\000a\000n\000d\000\040\000R\000e\000s\000u\000l\000t\000s}{ctitle.-1}% 23
\BOOKMARK [1][-]{section.4.1}{\376\377\0004\000.\0001\000\040\000R\000e\000a\000d\000i\000n\000g\000\040\000c\000o\000m\000p\000r\000e\000h\000e\000n\000s\000i\000o\000n}{chapter.4}% 24
\BOOKMARK [1][-]{section.4.2}{\376\377\0004\000.\0002\000\040\000R\000e\000s\000u\000l\000t\000s}{chapter.4}% 25
\BOOKMARK [0][]{chapter.5}{\376\377\173\054\0005\172\340\000\040\000C\000o\000n\000c\000l\000u\000s\000i\000o\000n\000\040\000a\000n\000d\000\040\000F\000u\000t\000u\000r\000e\000\040\000W\000o\000r\000k}{ctitle.-1}% 26
\BOOKMARK [0][]{section*.20}{\376\377\143\322\126\376\175\042\137\025}{ctitle.-1}% 27
\BOOKMARK [0][]{section*.22}{\376\377\210\150\150\074\175\042\137\025}{ctitle.-1}% 28
\BOOKMARK [0][]{section*.24}{\376\377\121\154\137\017\175\042\137\025}{ctitle.-1}% 29
\BOOKMARK [0][]{section*.26}{\376\377\201\364\214\042}{ctitle.-1}% 30
\BOOKMARK [0][]{section*.28}{\376\377\130\360\146\016}{ctitle.-1}% 31
\BOOKMARK [0][]{appendix.A}{\376\377\226\104\137\125\000\040\000A\000\040\131\026\145\207\215\104\145\231\123\237\145\207}{ctitle.-1}% 32
\BOOKMARK [1][-]{section.A.1}{\376\377\000A\000.\0001\000\040\000S\000i\000n\000g\000l\000e\000-\000O\000b\000j\000e\000c\000t\000i\000v\000e\000\040\000P\000r\000o\000g\000r\000a\000m\000m\000i\000n\000g}{appendix.A}% 33
\BOOKMARK [2][-]{subsection.A.1.1}{\376\377\000A\000.\0001\000.\0001\000\040\000L\000i\000n\000e\000a\000r\000\040\000P\000r\000o\000g\000r\000a\000m\000m\000i\000n\000g}{section.A.1}% 34
\BOOKMARK [2][-]{subsection.A.1.2}{\376\377\000A\000.\0001\000.\0002\000\040\000N\000o\000n\000l\000i\000n\000e\000a\000r\000\040\000P\000r\000o\000g\000r\000a\000m\000m\000i\000n\000g}{section.A.1}% 35
\BOOKMARK [2][-]{subsection.A.1.3}{\376\377\000A\000.\0001\000.\0003\000\040\000I\000n\000t\000e\000g\000e\000r\000\040\000P\000r\000o\000g\000r\000a\000m\000m\000i\000n\000g}{section.A.1}% 36
\BOOKMARK [0][]{appendix.B}{\376\377\226\104\137\125\000\040\000B\000\040\131\026\145\207\215\104\145\231\166\204\214\003\170\024\226\005\213\373\142\245\124\112\142\026\116\146\227\142\177\373\213\321}{ctitle.-1}% 37
\BOOKMARK [1][-]{section.B.1}{\376\377\000B\000.\0001\000\040\123\125\166\356\150\007\211\304\122\022}{appendix.B}% 38
\BOOKMARK [2][-]{subsection.B.1.1}{\376\377\000B\000.\0001\000.\0001\000\040\176\277\140\047\211\304\122\022}{section.B.1}% 39
\BOOKMARK [2][-]{subsection.B.1.2}{\376\377\000B\000.\0001\000.\0002\000\040\227\136\176\277\140\047\211\304\122\022}{section.B.1}% 40
\BOOKMARK [2][-]{subsection.B.1.3}{\376\377\000B\000.\0001\000.\0003\000\040\145\164\145\160\211\304\122\022}{section.B.1}% 41
\BOOKMARK [0][]{appendix.C}{\376\377\226\104\137\125\000\040\000C\000\040\121\166\133\203\226\104\137\125}{ctitle.-1}% 42
\BOOKMARK [0][]{section*.36}{\376\377\116\052\116\272\173\200\123\206\060\001\127\050\133\146\147\037\225\364\123\321\210\150\166\204\133\146\147\057\213\272\145\207\116\016\170\024\172\166\142\020\147\234}{ctitle.-1}% 43
