\BOOKMARK [-1][]{ctitle.-1}{\376\377\156\005\123\116\131\047\133\146\133\146\117\115\213\272\145\207\000\040\000L\000a\000T\000e\000X\000\040\152\041\147\177\117\177\165\050\171\072\117\213\145\207\150\143\000\040\000v\0005\000.\0005\000.\0002}{}% 1
\BOOKMARK [0][]{thuchapter.1.0}{\376\377\144\130\211\201}{ctitle.-1}% 2
\BOOKMARK [0][]{thuchapter.2.0}{\376\377\000A\000b\000s\000t\000r\000a\000c\000t}{ctitle.-1}% 3
\BOOKMARK [0][]{thuchapter.3.0}{\376\377\000C\000o\000n\000t\000e\000n\000t\000s}{ctitle.-1}% 4
\BOOKMARK [0][]{thuchapter.4.0}{\376\377\000N\000o\000m\000e\000n\000c\000l\000a\000t\000u\000r\000e}{ctitle.-1}% 5
\BOOKMARK [0][]{chapter.1}{\376\377\000C\000h\000a\000p\000t\000e\000r\000\040\0001\000\040\000I\000n\000t\000r\000o\000d\000u\000c\000t\000i\000o\000n}{ctitle.-1}% 6
\BOOKMARK [1][-]{section.1.1}{\376\377\0001\000.\0001\000\040\000M\000o\000t\000i\000v\000a\000t\000i\000o\000n}{chapter.1}% 7
\BOOKMARK [1][-]{section.1.2}{\376\377\0001\000.\0002\000\040\000O\000u\000t\000l\000i\000n\000e}{chapter.1}% 8
\BOOKMARK [1][-]{section.1.3}{\376\377\0001\000.\0003\000\040\000C\000o\000n\000t\000r\000i\000b\000u\000t\000i\000o\000n\000s}{chapter.1}% 9
\BOOKMARK [2][-]{subsection.1.3.1}{\376\377\0001\000.\0003\000.\0001\000\040\127\372\147\054\210\150\150\074}{section.1.3}% 10
\BOOKMARK [2][-]{subsection.1.3.2}{\376\377\0001\000.\0003\000.\0002\000\040\131\015\147\102\210\150\150\074}{section.1.3}% 11
\BOOKMARK [2][-]{subsection.1.3.3}{\376\377\0001\000.\0003\000.\0003\000\040\121\166\133\203}{section.1.3}% 12
\BOOKMARK [1][-]{section.1.4}{\376\377\0001\000.\0004\000\040\133\232\164\006\163\257\130\203}{chapter.1}% 13
\BOOKMARK [1][-]{section.1.5}{\376\377\0001\000.\0005\000\040\123\302\200\003\145\207\163\056}{chapter.1}% 14
\BOOKMARK [1][-]{section.1.6}{\376\377\0001\000.\0006\000\040\121\154\137\017}{chapter.1}% 15
\BOOKMARK [0][]{chapter.2}{\376\377\000C\000h\000a\000p\000t\000e\000r\000\040\0002\000\040\000B\000a\000c\000k\000g\000r\000o\000u\000n\000d}{ctitle.-1}% 16
\BOOKMARK [1][-]{section.2.1}{\376\377\0002\000.\0001\000\040\000C\000o\000r\000e\000f\000e\000r\000e\000n\000c\000e\000\040\000R\000e\000s\000o\000l\000u\000t\000i\000o\000n}{chapter.2}% 17
\BOOKMARK [2][-]{subsection.2.1.1}{\376\377\0002\000.\0001\000.\0001\000\040\000R\000e\000l\000a\000t\000e\000d\000\040\000W\000o\000r\000k}{section.2.1}% 18
\BOOKMARK [1][-]{section.2.2}{\376\377\0002\000.\0002\000\040\000P\000r\000o\000n\000o\000u\000n\000\040\000R\000e\000s\000o\000l\000u\000t\000i\000o\000n}{chapter.2}% 19
\BOOKMARK [1][-]{section.2.3}{\376\377\0002\000.\0003\000\040\000G\000e\000n\000d\000e\000r\000\040\000B\000i\000a\000s}{chapter.2}% 20
\BOOKMARK [2][-]{subsection.2.3.1}{\376\377\0002\000.\0003\000.\0001\000\040\143\322\126\376}{section.2.3}% 21
\BOOKMARK [0][]{chapter.3}{\376\377\000C\000h\000a\000p\000t\000e\000r\000\040\0003\000\040\000M\000e\000t\000h\000o\000d}{ctitle.-1}% 22
\BOOKMARK [1][-]{section.3.1}{\376\377\0003\000.\0001\000\040\000M\000i\000n\000d\000\040\000t\000h\000e\000\040\000G\000A\000P}{chapter.3}% 23
\BOOKMARK [1][-]{section.3.2}{\376\377\0003\000.\0002\000\040\000E\000x\000t\000r\000a\000c\000t\000\040\000F\000e\000a\000t\000u\000r\000e\000s\000\040\000w\000i\000t\000h\000\040\000B\000E\000R\000T}{chapter.3}% 24
\BOOKMARK [1][-]{section.3.3}{\376\377\0003\000.\0003\000\040\000F\000i\000n\000e\000-\000t\000u\000n\000e\000\040\000B\000E\000R\000T}{chapter.3}% 25
\BOOKMARK [1][-]{section.3.4}{\376\377\0003\000.\0004\000\040\000E\000v\000a\000l\000u\000a\000t\000i\000o\000n\000\040\000M\000e\000t\000h\000o\000d}{chapter.3}% 26
\BOOKMARK [2][-]{subsection.3.4.1}{\376\377\0003\000.\0004\000.\0001\000\040\000M\000u\000l\000t\000i\000-\000c\000l\000a\000s\000s\000\040\000L\000o\000g\000a\000r\000i\000t\000h\000m\000i\000c\000\040\000L\000o\000s\000s}{section.3.4}% 27
\BOOKMARK [2][-]{subsection.3.4.2}{\376\377\0003\000.\0004\000.\0002\000\040\000F\0001\000\040\000S\000c\000o\000r\000e}{section.3.4}% 28
\BOOKMARK [0][]{chapter.4}{\376\377\000C\000h\000a\000p\000t\000e\000r\000\040\0004\000\040\000E\000x\000p\000e\000r\000i\000m\000e\000n\000t\000s\000\040\000a\000n\000d\000\040\000R\000e\000s\000u\000l\000t\000s}{ctitle.-1}% 29
\BOOKMARK [1][-]{section.4.1}{\376\377\0004\000.\0001\000\040\000D\000a\000t\000a}{chapter.4}% 30
\BOOKMARK [1][-]{section.4.2}{\376\377\0004\000.\0002\000\040\000E\000x\000t\000r\000a\000c\000t\000\040\000f\000e\000a\000t\000u\000r\000e\000s\000\040\000w\000i\000t\000h\000\040\000B\000E\000R\000T}{chapter.4}% 31
\BOOKMARK [1][-]{section.4.3}{\376\377\0004\000.\0003\000\040\000F\000i\000n\000e\000-\000t\000u\000n\000e\000\040\000B\000E\000R\000T}{chapter.4}% 32
\BOOKMARK [0][]{chapter.5}{\376\377\000C\000h\000a\000p\000t\000e\000r\000\040\0005\000\040\000C\000o\000n\000l\000u\000s\000i\000o\000n\000s}{ctitle.-1}% 33
\BOOKMARK [0][]{section*.23}{\376\377\000B\000i\000b\000l\000i\000o\000g\000r\000a\000p\000h\000y}{ctitle.-1}% 34
\BOOKMARK [0][]{section*.25}{\376\377\000A\000c\000k\000n\000o\000w\000l\000e\000d\000g\000m\000e\000n\000t\000s}{ctitle.-1}% 35
\BOOKMARK [0][]{section*.27}{\376\377\130\360\146\016}{ctitle.-1}% 36
