This is pdfTeX, Version 3.14159265-2.6-1.40.18 (TeX Live 2017) (preloaded format=pdflatex 2017.11.23)  18 APR 2019 18:22
entering extended mode
 restricted \write18 enabled.
 file:line:error style messages enabled.
 %&-line parsing enabled.
**main.tex
(./main.tex
LaTeX2e <2017-04-15>
Babel <3.10> and hyphenation patterns for 84 language(s) loaded.
(./thuthesis.cls
Document Class: thuthesis 2019/04/16 5.5.1 Tsinghua University Thesis Template
(/usr/local/texlive/2017/texmf-dist/tex/generic/ifxetex/ifxetex.sty
Package: ifxetex 2010/09/12 v0.6 Provides ifxetex conditional
)

./thuthesis.cls:29: Class thuthesis Error: You should use XeLaTeX.

See the thuthesis class documentation for explanation.
Type  H <return>  for immediate help.
 ...                                              
                                                  
l.29 ...Error{thuthesis}{You should use XeLaTeX}{}
                                                  
This error message was generated by an \errmessage
command, so I can't give any explicit help.
Pretend that you're Hercule Poirot: Examine all clues,
and deduce the truth by order and method.

./thuthesis.cls:30: I can't find file `main.aux'.
\enddocument ...keatletter \@@input \jobname .aux 
                                                  \fi \@dofilelist \ifdim \f...
l.30   \end{document}
                     
(Press Enter to retry, or Control-D to exit)
Please type another input file name
./thuthesis.cls:30: Emergency stop.
\enddocument ...keatletter \@@input \jobname .aux 
                                                  \fi \@dofilelist \ifdim \f...
l.30   \end{document}
                     
*** (job aborted, file error in nonstop mode)

 
Here is how much of TeX's memory you used:
 26 strings out of 492995
 619 string characters out of 6132703
 54074 words of memory out of 5000000
 3670 multiletter control sequences out of 15000+600000
 3640 words of font info for 14 fonts, out of 8000000 for 9000
 1141 hyphenation exceptions out of 8191
 19i,0n,10p,136b,14s stack positions out of 5000i,500n,10000p,200000b,80000s
./thuthesis.cls:30:  ==> Fatal error occurred, no output PDF file produced!
